Mapped states for perturbation: {'normal': tensor([0]), 'COVID-19': tensor([1])}
--- Starting In Silico Perturbation ---
Mapped states for perturbation: {'normal': tensor([0]), 'COVID-19': tensor([1])}
--- Starting In Silico Perturbation ---
Traceback (most recent call last):
  File "<string>", line 1, in <module>
  File "/home/htc/mnakam/miniforge3/envs/geneformer_311/lib/python3.11/site-packages/multiprocess/spawn.py", line 120, in spawn_main
    exitcode = _main(fd, parent_sentinel)
               ^^^^^^^^^^^^^^^^^^^^^^^^^^
  File "/home/htc/mnakam/miniforge3/envs/geneformer_311/lib/python3.11/site-packages/multiprocess/spawn.py", line 129, in _main
    prepare(preparation_data)
  File "/home/htc/mnakam/miniforge3/envs/geneformer_311/lib/python3.11/site-packages/multiprocess/spawn.py", line 240, in prepare
    _fixup_main_from_path(data['init_main_from_path'])
  File "/home/htc/mnakam/miniforge3/envs/geneformer_311/lib/python3.11/site-packages/multiprocess/spawn.py", line 291, in _fixup_main_from_path
    main_content = runpy.run_path(main_path,
                   ^^^^^^^^^^^^^^^^^^^^^^^^^
  File "<frozen runpy>", line 291, in run_path
  File "<frozen runpy>", line 98, in _run_module_code
  File "<frozen runpy>", line 88, in _run_code
  File "/home/htc/mnakam/mnt/Geneformer/New_Geneformer/run_insilico.py", line 81, in <module>
    isp.perturb_data(
  File "/home/htc/mnakam/miniforge3/envs/geneformer_311/lib/python3.11/site-packages/geneformer/in_silico_perturber.py", line 473, in perturb_data
    filtered_input_data = pu.load_and_filter(
                          ^^^^^^^^^^^^^^^^^^^
  File "/home/htc/mnakam/miniforge3/envs/geneformer_311/lib/python3.11/site-packages/geneformer/perturber_utils.py", line 29, in load_and_filter
    data = filter_by_dict(data, filter_data, nproc)
           ^^^^^^^^^^^^^^^^^^^^^^^^^^^^^^^^^^^^^^^^
  File "/home/htc/mnakam/miniforge3/envs/geneformer_311/lib/python3.11/site-packages/geneformer/perturber_utils.py", line 39, in filter_by_dict
    data = data.filter(filter_data_by_criteria, num_proc=nproc)
           ^^^^^^^^^^^^^^^^^^^^^^^^^^^^^^^^^^^^^^^^^^^^^^^^^^^^
  File "/home/htc/mnakam/miniforge3/envs/geneformer_311/lib/python3.11/site-packages/datasets/arrow_dataset.py", line 557, in wrapper
    out: Union["Dataset", "DatasetDict"] = func(self, *args, **kwargs)
                                           ^^^^^^^^^^^^^^^^^^^^^^^^^^^
  File "/home/htc/mnakam/miniforge3/envs/geneformer_311/lib/python3.11/site-packages/datasets/fingerprint.py", line 511, in wrapper
    out = func(dataset, *args, **kwargs)
          ^^^^^^^^^^^^^^^^^^^^^^^^^^^^^^
  File "/home/htc/mnakam/miniforge3/envs/geneformer_311/lib/python3.11/site-packages/datasets/arrow_dataset.py", line 3627, in filter
    indices = self.map(
              ^^^^^^^^^
  File "/home/htc/mnakam/miniforge3/envs/geneformer_311/lib/python3.11/site-packages/datasets/arrow_dataset.py", line 592, in wrapper
    out: Union["Dataset", "DatasetDict"] = func(self, *args, **kwargs)
                                           ^^^^^^^^^^^^^^^^^^^^^^^^^^^
  File "/home/htc/mnakam/miniforge3/envs/geneformer_311/lib/python3.11/site-packages/datasets/arrow_dataset.py", line 557, in wrapper
    out: Union["Dataset", "DatasetDict"] = func(self, *args, **kwargs)
                                           ^^^^^^^^^^^^^^^^^^^^^^^^^^^
  File "/home/htc/mnakam/miniforge3/envs/geneformer_311/lib/python3.11/site-packages/datasets/arrow_dataset.py", line 3180, in map
    with Pool(len(kwargs_per_job)) as pool:
         ^^^^^^^^^^^^^^^^^^^^^^^^^
  File "/home/htc/mnakam/miniforge3/envs/geneformer_311/lib/python3.11/site-packages/multiprocess/context.py", line 119, in Pool
    return Pool(processes, initializer, initargs, maxtasksperchild,
           ^^^^^^^^^^^^^^^^^^^^^^^^^^^^^^^^^^^^^^^^^^^^^^^^^^^^^^^^
  File "/home/htc/mnakam/miniforge3/envs/geneformer_311/lib/python3.11/site-packages/multiprocess/pool.py", line 215, in __init__
    self._repopulate_pool()
  File "/home/htc/mnakam/miniforge3/envs/geneformer_311/lib/python3.11/site-packages/multiprocess/pool.py", line 306, in _repopulate_pool
    return self._repopulate_pool_static(self._ctx, self.Process,
           ^^^^^^^^^^^^^^^^^^^^^^^^^^^^^^^^^^^^^^^^^^^^^^^^^^^^^
  File "/home/htc/mnakam/miniforge3/envs/geneformer_311/lib/python3.11/site-packages/multiprocess/pool.py", line 329, in _repopulate_pool_static
    w.start()
  File "/home/htc/mnakam/miniforge3/envs/geneformer_311/lib/python3.11/site-packages/multiprocess/process.py", line 121, in start
    self._popen = self._Popen(self)
                  ^^^^^^^^^^^^^^^^^
  File "/home/htc/mnakam/miniforge3/envs/geneformer_311/lib/python3.11/site-packages/multiprocess/context.py", line 288, in _Popen
    return Popen(process_obj)
           ^^^^^^^^^^^^^^^^^^
  File "/home/htc/mnakam/miniforge3/envs/geneformer_311/lib/python3.11/site-packages/multiprocess/popen_spawn_posix.py", line 32, in __init__
    super().__init__(process_obj)
  File "/home/htc/mnakam/miniforge3/envs/geneformer_311/lib/python3.11/site-packages/multiprocess/popen_fork.py", line 19, in __init__
    self._launch(process_obj)
  File "/home/htc/mnakam/miniforge3/envs/geneformer_311/lib/python3.11/site-packages/multiprocess/popen_spawn_posix.py", line 42, in _launch
    prep_data = spawn.get_preparation_data(process_obj._name)
                ^^^^^^^^^^^^^^^^^^^^^^^^^^^^^^^^^^^^^^^^^^^^^
  File "/home/htc/mnakam/miniforge3/envs/geneformer_311/lib/python3.11/site-packages/multiprocess/spawn.py", line 158, in get_preparation_data
    _check_not_importing_main()
  File "/home/htc/mnakam/miniforge3/envs/geneformer_311/lib/python3.11/site-packages/multiprocess/spawn.py", line 138, in _check_not_importing_main
    raise RuntimeError('''
RuntimeError: 
        An attempt has been made to start a new process before the
        current process has finished its bootstrapping phase.

        This probably means that you are not using fork to start your
        child processes and you have forgotten to use the proper idiom
        in the main module:

            if __name__ == '__main__':
                freeze_support()
                ...

        The "freeze_support()" line can be omitted if the program
        is not going to be frozen to produce an executable.
Mapped states for perturbation: {'normal': tensor([0]), 'COVID-19': tensor([1])}
--- Starting In Silico Perturbation ---
Traceback (most recent call last):
  File "<string>", line 1, in <module>
  File "/home/htc/mnakam/miniforge3/envs/geneformer_311/lib/python3.11/site-packages/multiprocess/spawn.py", line 120, in spawn_main
    exitcode = _main(fd, parent_sentinel)
               ^^^^^^^^^^^^^^^^^^^^^^^^^^
  File "/home/htc/mnakam/miniforge3/envs/geneformer_311/lib/python3.11/site-packages/multiprocess/spawn.py", line 129, in _main
    prepare(preparation_data)
  File "/home/htc/mnakam/miniforge3/envs/geneformer_311/lib/python3.11/site-packages/multiprocess/spawn.py", line 240, in prepare
    _fixup_main_from_path(data['init_main_from_path'])
  File "/home/htc/mnakam/miniforge3/envs/geneformer_311/lib/python3.11/site-packages/multiprocess/spawn.py", line 291, in _fixup_main_from_path
    main_content = runpy.run_path(main_path,
                   ^^^^^^^^^^^^^^^^^^^^^^^^^
  File "<frozen runpy>", line 291, in run_path
  File "<frozen runpy>", line 98, in _run_module_code
  File "<frozen runpy>", line 88, in _run_code
  File "/home/htc/mnakam/mnt/Geneformer/New_Geneformer/run_insilico.py", line 81, in <module>
    isp.perturb_data(
  File "/home/htc/mnakam/miniforge3/envs/geneformer_311/lib/python3.11/site-packages/geneformer/in_silico_perturber.py", line 473, in perturb_data
    filtered_input_data = pu.load_and_filter(
                          ^^^^^^^^^^^^^^^^^^^
  File "/home/htc/mnakam/miniforge3/envs/geneformer_311/lib/python3.11/site-packages/geneformer/perturber_utils.py", line 29, in load_and_filter
    data = filter_by_dict(data, filter_data, nproc)
           ^^^^^^^^^^^^^^^^^^^^^^^^^^^^^^^^^^^^^^^^
  File "/home/htc/mnakam/miniforge3/envs/geneformer_311/lib/python3.11/site-packages/geneformer/perturber_utils.py", line 39, in filter_by_dict
    data = data.filter(filter_data_by_criteria, num_proc=nproc)
           ^^^^^^^^^^^^^^^^^^^^^^^^^^^^^^^^^^^^^^^^^^^^^^^^^^^^
  File "/home/htc/mnakam/miniforge3/envs/geneformer_311/lib/python3.11/site-packages/datasets/arrow_dataset.py", line 557, in wrapper
    out: Union["Dataset", "DatasetDict"] = func(self, *args, **kwargs)
                                           ^^^^^^^^^^^^^^^^^^^^^^^^^^^
  File "/home/htc/mnakam/miniforge3/envs/geneformer_311/lib/python3.11/site-packages/datasets/fingerprint.py", line 511, in wrapper
    out = func(dataset, *args, **kwargs)
          ^^^^^^^^^^^^^^^^^^^^^^^^^^^^^^
  File "/home/htc/mnakam/miniforge3/envs/geneformer_311/lib/python3.11/site-packages/datasets/arrow_dataset.py", line 3627, in filter
    indices = self.map(
              ^^^^^^^^^
  File "/home/htc/mnakam/miniforge3/envs/geneformer_311/lib/python3.11/site-packages/datasets/arrow_dataset.py", line 592, in wrapper
    out: Union["Dataset", "DatasetDict"] = func(self, *args, **kwargs)
                                           ^^^^^^^^^^^^^^^^^^^^^^^^^^^
  File "/home/htc/mnakam/miniforge3/envs/geneformer_311/lib/python3.11/site-packages/datasets/arrow_dataset.py", line 557, in wrapper
    out: Union["Dataset", "DatasetDict"] = func(self, *args, **kwargs)
                                           ^^^^^^^^^^^^^^^^^^^^^^^^^^^
  File "/home/htc/mnakam/miniforge3/envs/geneformer_311/lib/python3.11/site-packages/datasets/arrow_dataset.py", line 3180, in map
    with Pool(len(kwargs_per_job)) as pool:
         ^^^^^^^^^^^^^^^^^^^^^^^^^
  File "/home/htc/mnakam/miniforge3/envs/geneformer_311/lib/python3.11/site-packages/multiprocess/context.py", line 119, in Pool
    return Pool(processes, initializer, initargs, maxtasksperchild,
           ^^^^^^^^^^^^^^^^^^^^^^^^^^^^^^^^^^^^^^^^^^^^^^^^^^^^^^^^
  File "/home/htc/mnakam/miniforge3/envs/geneformer_311/lib/python3.11/site-packages/multiprocess/pool.py", line 215, in __init__
    self._repopulate_pool()
  File "/home/htc/mnakam/miniforge3/envs/geneformer_311/lib/python3.11/site-packages/multiprocess/pool.py", line 306, in _repopulate_pool
    return self._repopulate_pool_static(self._ctx, self.Process,
           ^^^^^^^^^^^^^^^^^^^^^^^^^^^^^^^^^^^^^^^^^^^^^^^^^^^^^
  File "/home/htc/mnakam/miniforge3/envs/geneformer_311/lib/python3.11/site-packages/multiprocess/pool.py", line 329, in _repopulate_pool_static
    w.start()
  File "/home/htc/mnakam/miniforge3/envs/geneformer_311/lib/python3.11/site-packages/multiprocess/process.py", line 121, in start
    self._popen = self._Popen(self)
                  ^^^^^^^^^^^^^^^^^
  File "/home/htc/mnakam/miniforge3/envs/geneformer_311/lib/python3.11/site-packages/multiprocess/context.py", line 288, in _Popen
    return Popen(process_obj)
           ^^^^^^^^^^^^^^^^^^
  File "/home/htc/mnakam/miniforge3/envs/geneformer_311/lib/python3.11/site-packages/multiprocess/popen_spawn_posix.py", line 32, in __init__
    super().__init__(process_obj)
  File "/home/htc/mnakam/miniforge3/envs/geneformer_311/lib/python3.11/site-packages/multiprocess/popen_fork.py", line 19, in __init__
    self._launch(process_obj)
  File "/home/htc/mnakam/miniforge3/envs/geneformer_311/lib/python3.11/site-packages/multiprocess/popen_spawn_posix.py", line 42, in _launch
    prep_data = spawn.get_preparation_data(process_obj._name)
                ^^^^^^^^^^^^^^^^^^^^^^^^^^^^^^^^^^^^^^^^^^^^^
  File "/home/htc/mnakam/miniforge3/envs/geneformer_311/lib/python3.11/site-packages/multiprocess/spawn.py", line 158, in get_preparation_data
    _check_not_importing_main()
  File "/home/htc/mnakam/miniforge3/envs/geneformer_311/lib/python3.11/site-packages/multiprocess/spawn.py", line 138, in _check_not_importing_main
    raise RuntimeError('''
RuntimeError: 
        An attempt has been made to start a new process before the
        current process has finished its bootstrapping phase.

        This probably means that you are not using fork to start your
        child processes and you have forgotten to use the proper idiom
        in the main module:

            if __name__ == '__main__':
                freeze_support()
                ...

        The "freeze_support()" line can be omitted if the program
        is not going to be frozen to produce an executable.
Mapped states for perturbation: {'normal': tensor([0]), 'COVID-19': tensor([1])}
--- Starting In Silico Perturbation ---
Traceback (most recent call last):
  File "<string>", line 1, in <module>
  File "/home/htc/mnakam/miniforge3/envs/geneformer_311/lib/python3.11/site-packages/multiprocess/spawn.py", line 120, in spawn_main
    exitcode = _main(fd, parent_sentinel)
               ^^^^^^^^^^^^^^^^^^^^^^^^^^
  File "/home/htc/mnakam/miniforge3/envs/geneformer_311/lib/python3.11/site-packages/multiprocess/spawn.py", line 129, in _main
    prepare(preparation_data)
  File "/home/htc/mnakam/miniforge3/envs/geneformer_311/lib/python3.11/site-packages/multiprocess/spawn.py", line 240, in prepare
    _fixup_main_from_path(data['init_main_from_path'])
  File "/home/htc/mnakam/miniforge3/envs/geneformer_311/lib/python3.11/site-packages/multiprocess/spawn.py", line 291, in _fixup_main_from_path
    main_content = runpy.run_path(main_path,
                   ^^^^^^^^^^^^^^^^^^^^^^^^^
  File "<frozen runpy>", line 291, in run_path
  File "<frozen runpy>", line 98, in _run_module_code
  File "<frozen runpy>", line 88, in _run_code
  File "/home/htc/mnakam/mnt/Geneformer/New_Geneformer/run_insilico.py", line 81, in <module>
    isp.perturb_data(
  File "/home/htc/mnakam/miniforge3/envs/geneformer_311/lib/python3.11/site-packages/geneformer/in_silico_perturber.py", line 473, in perturb_data
    filtered_input_data = pu.load_and_filter(
                          ^^^^^^^^^^^^^^^^^^^
  File "/home/htc/mnakam/miniforge3/envs/geneformer_311/lib/python3.11/site-packages/geneformer/perturber_utils.py", line 29, in load_and_filter
    data = filter_by_dict(data, filter_data, nproc)
           ^^^^^^^^^^^^^^^^^^^^^^^^^^^^^^^^^^^^^^^^
  File "/home/htc/mnakam/miniforge3/envs/geneformer_311/lib/python3.11/site-packages/geneformer/perturber_utils.py", line 39, in filter_by_dict
    data = data.filter(filter_data_by_criteria, num_proc=nproc)
           ^^^^^^^^^^^^^^^^^^^^^^^^^^^^^^^^^^^^^^^^^^^^^^^^^^^^
  File "/home/htc/mnakam/miniforge3/envs/geneformer_311/lib/python3.11/site-packages/datasets/arrow_dataset.py", line 557, in wrapper
    out: Union["Dataset", "DatasetDict"] = func(self, *args, **kwargs)
                                           ^^^^^^^^^^^^^^^^^^^^^^^^^^^
  File "/home/htc/mnakam/miniforge3/envs/geneformer_311/lib/python3.11/site-packages/datasets/fingerprint.py", line 511, in wrapper
    out = func(dataset, *args, **kwargs)
          ^^^^^^^^^^^^^^^^^^^^^^^^^^^^^^
  File "/home/htc/mnakam/miniforge3/envs/geneformer_311/lib/python3.11/site-packages/datasets/arrow_dataset.py", line 3627, in filter
    indices = self.map(
              ^^^^^^^^^
  File "/home/htc/mnakam/miniforge3/envs/geneformer_311/lib/python3.11/site-packages/datasets/arrow_dataset.py", line 592, in wrapper
    out: Union["Dataset", "DatasetDict"] = func(self, *args, **kwargs)
                                           ^^^^^^^^^^^^^^^^^^^^^^^^^^^
  File "/home/htc/mnakam/miniforge3/envs/geneformer_311/lib/python3.11/site-packages/datasets/arrow_dataset.py", line 557, in wrapper
    out: Union["Dataset", "DatasetDict"] = func(self, *args, **kwargs)
                                           ^^^^^^^^^^^^^^^^^^^^^^^^^^^
  File "/home/htc/mnakam/miniforge3/envs/geneformer_311/lib/python3.11/site-packages/datasets/arrow_dataset.py", line 3180, in map
    with Pool(len(kwargs_per_job)) as pool:
         ^^^^^^^^^^^^^^^^^^^^^^^^^
  File "/home/htc/mnakam/miniforge3/envs/geneformer_311/lib/python3.11/site-packages/multiprocess/context.py", line 119, in Pool
    return Pool(processes, initializer, initargs, maxtasksperchild,
           ^^^^^^^^^^^^^^^^^^^^^^^^^^^^^^^^^^^^^^^^^^^^^^^^^^^^^^^^
  File "/home/htc/mnakam/miniforge3/envs/geneformer_311/lib/python3.11/site-packages/multiprocess/pool.py", line 215, in __init__
    self._repopulate_pool()
  File "/home/htc/mnakam/miniforge3/envs/geneformer_311/lib/python3.11/site-packages/multiprocess/pool.py", line 306, in _repopulate_pool
    return self._repopulate_pool_static(self._ctx, self.Process,
           ^^^^^^^^^^^^^^^^^^^^^^^^^^^^^^^^^^^^^^^^^^^^^^^^^^^^^
  File "/home/htc/mnakam/miniforge3/envs/geneformer_311/lib/python3.11/site-packages/multiprocess/pool.py", line 329, in _repopulate_pool_static
    w.start()
  File "/home/htc/mnakam/miniforge3/envs/geneformer_311/lib/python3.11/site-packages/multiprocess/process.py", line 121, in start
    self._popen = self._Popen(self)
                  ^^^^^^^^^^^^^^^^^
  File "/home/htc/mnakam/miniforge3/envs/geneformer_311/lib/python3.11/site-packages/multiprocess/context.py", line 288, in _Popen
    return Popen(process_obj)
           ^^^^^^^^^^^^^^^^^^
  File "/home/htc/mnakam/miniforge3/envs/geneformer_311/lib/python3.11/site-packages/multiprocess/popen_spawn_posix.py", line 32, in __init__
    super().__init__(process_obj)
  File "/home/htc/mnakam/miniforge3/envs/geneformer_311/lib/python3.11/site-packages/multiprocess/popen_fork.py", line 19, in __init__
    self._launch(process_obj)
  File "/home/htc/mnakam/miniforge3/envs/geneformer_311/lib/python3.11/site-packages/multiprocess/popen_spawn_posix.py", line 42, in _launch
    prep_data = spawn.get_preparation_data(process_obj._name)
                ^^^^^^^^^^^^^^^^^^^^^^^^^^^^^^^^^^^^^^^^^^^^^
  File "/home/htc/mnakam/miniforge3/envs/geneformer_311/lib/python3.11/site-packages/multiprocess/spawn.py", line 158, in get_preparation_data
    _check_not_importing_main()
  File "/home/htc/mnakam/miniforge3/envs/geneformer_311/lib/python3.11/site-packages/multiprocess/spawn.py", line 138, in _check_not_importing_main
    raise RuntimeError('''
RuntimeError: 
        An attempt has been made to start a new process before the
        current process has finished its bootstrapping phase.

        This probably means that you are not using fork to start your
        child processes and you have forgotten to use the proper idiom
        in the main module:

            if __name__ == '__main__':
                freeze_support()
                ...

        The "freeze_support()" line can be omitted if the program
        is not going to be frozen to produce an executable.
Mapped states for perturbation: {'normal': tensor([0]), 'COVID-19': tensor([1])}
--- Starting In Silico Perturbation ---
Traceback (most recent call last):
  File "<string>", line 1, in <module>
  File "/home/htc/mnakam/miniforge3/envs/geneformer_311/lib/python3.11/site-packages/multiprocess/spawn.py", line 120, in spawn_main
    exitcode = _main(fd, parent_sentinel)
               ^^^^^^^^^^^^^^^^^^^^^^^^^^
  File "/home/htc/mnakam/miniforge3/envs/geneformer_311/lib/python3.11/site-packages/multiprocess/spawn.py", line 129, in _main
    prepare(preparation_data)
  File "/home/htc/mnakam/miniforge3/envs/geneformer_311/lib/python3.11/site-packages/multiprocess/spawn.py", line 240, in prepare
    _fixup_main_from_path(data['init_main_from_path'])
  File "/home/htc/mnakam/miniforge3/envs/geneformer_311/lib/python3.11/site-packages/multiprocess/spawn.py", line 291, in _fixup_main_from_path
    main_content = runpy.run_path(main_path,
                   ^^^^^^^^^^^^^^^^^^^^^^^^^
  File "<frozen runpy>", line 291, in run_path
  File "<frozen runpy>", line 98, in _run_module_code
  File "<frozen runpy>", line 88, in _run_code
  File "/home/htc/mnakam/mnt/Geneformer/New_Geneformer/run_insilico.py", line 81, in <module>
    isp.perturb_data(
  File "/home/htc/mnakam/miniforge3/envs/geneformer_311/lib/python3.11/site-packages/geneformer/in_silico_perturber.py", line 473, in perturb_data
    filtered_input_data = pu.load_and_filter(
                          ^^^^^^^^^^^^^^^^^^^
  File "/home/htc/mnakam/miniforge3/envs/geneformer_311/lib/python3.11/site-packages/geneformer/perturber_utils.py", line 29, in load_and_filter
    data = filter_by_dict(data, filter_data, nproc)
           ^^^^^^^^^^^^^^^^^^^^^^^^^^^^^^^^^^^^^^^^
  File "/home/htc/mnakam/miniforge3/envs/geneformer_311/lib/python3.11/site-packages/geneformer/perturber_utils.py", line 39, in filter_by_dict
    data = data.filter(filter_data_by_criteria, num_proc=nproc)
           ^^^^^^^^^^^^^^^^^^^^^^^^^^^^^^^^^^^^^^^^^^^^^^^^^^^^
  File "/home/htc/mnakam/miniforge3/envs/geneformer_311/lib/python3.11/site-packages/datasets/arrow_dataset.py", line 557, in wrapper
    out: Union["Dataset", "DatasetDict"] = func(self, *args, **kwargs)
                                           ^^^^^^^^^^^^^^^^^^^^^^^^^^^
  File "/home/htc/mnakam/miniforge3/envs/geneformer_311/lib/python3.11/site-packages/datasets/fingerprint.py", line 511, in wrapper
    out = func(dataset, *args, **kwargs)
          ^^^^^^^^^^^^^^^^^^^^^^^^^^^^^^
  File "/home/htc/mnakam/miniforge3/envs/geneformer_311/lib/python3.11/site-packages/datasets/arrow_dataset.py", line 3627, in filter
    indices = self.map(
              ^^^^^^^^^
  File "/home/htc/mnakam/miniforge3/envs/geneformer_311/lib/python3.11/site-packages/datasets/arrow_dataset.py", line 592, in wrapper
    out: Union["Dataset", "DatasetDict"] = func(self, *args, **kwargs)
                                           ^^^^^^^^^^^^^^^^^^^^^^^^^^^
  File "/home/htc/mnakam/miniforge3/envs/geneformer_311/lib/python3.11/site-packages/datasets/arrow_dataset.py", line 557, in wrapper
    out: Union["Dataset", "DatasetDict"] = func(self, *args, **kwargs)
                                           ^^^^^^^^^^^^^^^^^^^^^^^^^^^
  File "/home/htc/mnakam/miniforge3/envs/geneformer_311/lib/python3.11/site-packages/datasets/arrow_dataset.py", line 3180, in map
    with Pool(len(kwargs_per_job)) as pool:
         ^^^^^^^^^^^^^^^^^^^^^^^^^
  File "/home/htc/mnakam/miniforge3/envs/geneformer_311/lib/python3.11/site-packages/multiprocess/context.py", line 119, in Pool
    return Pool(processes, initializer, initargs, maxtasksperchild,
           ^^^^^^^^^^^^^^^^^^^^^^^^^^^^^^^^^^^^^^^^^^^^^^^^^^^^^^^^
  File "/home/htc/mnakam/miniforge3/envs/geneformer_311/lib/python3.11/site-packages/multiprocess/pool.py", line 215, in __init__
    self._repopulate_pool()
  File "/home/htc/mnakam/miniforge3/envs/geneformer_311/lib/python3.11/site-packages/multiprocess/pool.py", line 306, in _repopulate_pool
    return self._repopulate_pool_static(self._ctx, self.Process,
           ^^^^^^^^^^^^^^^^^^^^^^^^^^^^^^^^^^^^^^^^^^^^^^^^^^^^^
  File "/home/htc/mnakam/miniforge3/envs/geneformer_311/lib/python3.11/site-packages/multiprocess/pool.py", line 329, in _repopulate_pool_static
    w.start()
  File "/home/htc/mnakam/miniforge3/envs/geneformer_311/lib/python3.11/site-packages/multiprocess/process.py", line 121, in start
    self._popen = self._Popen(self)
                  ^^^^^^^^^^^^^^^^^
  File "/home/htc/mnakam/miniforge3/envs/geneformer_311/lib/python3.11/site-packages/multiprocess/context.py", line 288, in _Popen
    return Popen(process_obj)
           ^^^^^^^^^^^^^^^^^^
  File "/home/htc/mnakam/miniforge3/envs/geneformer_311/lib/python3.11/site-packages/multiprocess/popen_spawn_posix.py", line 32, in __init__
    super().__init__(process_obj)
  File "/home/htc/mnakam/miniforge3/envs/geneformer_311/lib/python3.11/site-packages/multiprocess/popen_fork.py", line 19, in __init__
    self._launch(process_obj)
  File "/home/htc/mnakam/miniforge3/envs/geneformer_311/lib/python3.11/site-packages/multiprocess/popen_spawn_posix.py", line 42, in _launch
    prep_data = spawn.get_preparation_data(process_obj._name)
                ^^^^^^^^^^^^^^^^^^^^^^^^^^^^^^^^^^^^^^^^^^^^^
  File "/home/htc/mnakam/miniforge3/envs/geneformer_311/lib/python3.11/site-packages/multiprocess/spawn.py", line 158, in get_preparation_data
    _check_not_importing_main()
  File "/home/htc/mnakam/miniforge3/envs/geneformer_311/lib/python3.11/site-packages/multiprocess/spawn.py", line 138, in _check_not_importing_main
    raise RuntimeError('''
RuntimeError: 
        An attempt has been made to start a new process before the
        current process has finished its bootstrapping phase.

        This probably means that you are not using fork to start your
        child processes and you have forgotten to use the proper idiom
        in the main module:

            if __name__ == '__main__':
                freeze_support()
                ...

        The "freeze_support()" line can be omitted if the program
        is not going to be frozen to produce an executable.
Mapped states for perturbation: {'normal': tensor([0]), 'COVID-19': tensor([1])}
--- Starting In Silico Perturbation ---
Traceback (most recent call last):
  File "<string>", line 1, in <module>
  File "/home/htc/mnakam/miniforge3/envs/geneformer_311/lib/python3.11/site-packages/multiprocess/spawn.py", line 120, in spawn_main
    exitcode = _main(fd, parent_sentinel)
               ^^^^^^^^^^^^^^^^^^^^^^^^^^
  File "/home/htc/mnakam/miniforge3/envs/geneformer_311/lib/python3.11/site-packages/multiprocess/spawn.py", line 129, in _main
    prepare(preparation_data)
  File "/home/htc/mnakam/miniforge3/envs/geneformer_311/lib/python3.11/site-packages/multiprocess/spawn.py", line 240, in prepare
    _fixup_main_from_path(data['init_main_from_path'])
  File "/home/htc/mnakam/miniforge3/envs/geneformer_311/lib/python3.11/site-packages/multiprocess/spawn.py", line 291, in _fixup_main_from_path
    main_content = runpy.run_path(main_path,
                   ^^^^^^^^^^^^^^^^^^^^^^^^^
  File "<frozen runpy>", line 291, in run_path
  File "<frozen runpy>", line 98, in _run_module_code
  File "<frozen runpy>", line 88, in _run_code
  File "/home/htc/mnakam/mnt/Geneformer/New_Geneformer/run_insilico.py", line 81, in <module>
    isp.perturb_data(
  File "/home/htc/mnakam/miniforge3/envs/geneformer_311/lib/python3.11/site-packages/geneformer/in_silico_perturber.py", line 473, in perturb_data
    filtered_input_data = pu.load_and_filter(
                          ^^^^^^^^^^^^^^^^^^^
  File "/home/htc/mnakam/miniforge3/envs/geneformer_311/lib/python3.11/site-packages/geneformer/perturber_utils.py", line 29, in load_and_filter
    data = filter_by_dict(data, filter_data, nproc)
           ^^^^^^^^^^^^^^^^^^^^^^^^^^^^^^^^^^^^^^^^
  File "/home/htc/mnakam/miniforge3/envs/geneformer_311/lib/python3.11/site-packages/geneformer/perturber_utils.py", line 39, in filter_by_dict
    data = data.filter(filter_data_by_criteria, num_proc=nproc)
           ^^^^^^^^^^^^^^^^^^^^^^^^^^^^^^^^^^^^^^^^^^^^^^^^^^^^
  File "/home/htc/mnakam/miniforge3/envs/geneformer_311/lib/python3.11/site-packages/datasets/arrow_dataset.py", line 557, in wrapper
    out: Union["Dataset", "DatasetDict"] = func(self, *args, **kwargs)
                                           ^^^^^^^^^^^^^^^^^^^^^^^^^^^
  File "/home/htc/mnakam/miniforge3/envs/geneformer_311/lib/python3.11/site-packages/datasets/fingerprint.py", line 511, in wrapper
    out = func(dataset, *args, **kwargs)
          ^^^^^^^^^^^^^^^^^^^^^^^^^^^^^^
  File "/home/htc/mnakam/miniforge3/envs/geneformer_311/lib/python3.11/site-packages/datasets/arrow_dataset.py", line 3627, in filter
    indices = self.map(
              ^^^^^^^^^
  File "/home/htc/mnakam/miniforge3/envs/geneformer_311/lib/python3.11/site-packages/datasets/arrow_dataset.py", line 592, in wrapper
    out: Union["Dataset", "DatasetDict"] = func(self, *args, **kwargs)
                                           ^^^^^^^^^^^^^^^^^^^^^^^^^^^
  File "/home/htc/mnakam/miniforge3/envs/geneformer_311/lib/python3.11/site-packages/datasets/arrow_dataset.py", line 557, in wrapper
    out: Union["Dataset", "DatasetDict"] = func(self, *args, **kwargs)
                                           ^^^^^^^^^^^^^^^^^^^^^^^^^^^
  File "/home/htc/mnakam/miniforge3/envs/geneformer_311/lib/python3.11/site-packages/datasets/arrow_dataset.py", line 3180, in map
    with Pool(len(kwargs_per_job)) as pool:
         ^^^^^^^^^^^^^^^^^^^^^^^^^
  File "/home/htc/mnakam/miniforge3/envs/geneformer_311/lib/python3.11/site-packages/multiprocess/context.py", line 119, in Pool
    return Pool(processes, initializer, initargs, maxtasksperchild,
           ^^^^^^^^^^^^^^^^^^^^^^^^^^^^^^^^^^^^^^^^^^^^^^^^^^^^^^^^
  File "/home/htc/mnakam/miniforge3/envs/geneformer_311/lib/python3.11/site-packages/multiprocess/pool.py", line 215, in __init__
    self._repopulate_pool()
  File "/home/htc/mnakam/miniforge3/envs/geneformer_311/lib/python3.11/site-packages/multiprocess/pool.py", line 306, in _repopulate_pool
    return self._repopulate_pool_static(self._ctx, self.Process,
           ^^^^^^^^^^^^^^^^^^^^^^^^^^^^^^^^^^^^^^^^^^^^^^^^^^^^^
  File "/home/htc/mnakam/miniforge3/envs/geneformer_311/lib/python3.11/site-packages/multiprocess/pool.py", line 329, in _repopulate_pool_static
    w.start()
  File "/home/htc/mnakam/miniforge3/envs/geneformer_311/lib/python3.11/site-packages/multiprocess/process.py", line 121, in start
    self._popen = self._Popen(self)
                  ^^^^^^^^^^^^^^^^^
  File "/home/htc/mnakam/miniforge3/envs/geneformer_311/lib/python3.11/site-packages/multiprocess/context.py", line 288, in _Popen
    return Popen(process_obj)
           ^^^^^^^^^^^^^^^^^^
  File "/home/htc/mnakam/miniforge3/envs/geneformer_311/lib/python3.11/site-packages/multiprocess/popen_spawn_posix.py", line 32, in __init__
    super().__init__(process_obj)
  File "/home/htc/mnakam/miniforge3/envs/geneformer_311/lib/python3.11/site-packages/multiprocess/popen_fork.py", line 19, in __init__
    self._launch(process_obj)
  File "/home/htc/mnakam/miniforge3/envs/geneformer_311/lib/python3.11/site-packages/multiprocess/popen_spawn_posix.py", line 42, in _launch
    prep_data = spawn.get_preparation_data(process_obj._name)
                ^^^^^^^^^^^^^^^^^^^^^^^^^^^^^^^^^^^^^^^^^^^^^
  File "/home/htc/mnakam/miniforge3/envs/geneformer_311/lib/python3.11/site-packages/multiprocess/spawn.py", line 158, in get_preparation_data
    _check_not_importing_main()
  File "/home/htc/mnakam/miniforge3/envs/geneformer_311/lib/python3.11/site-packages/multiprocess/spawn.py", line 138, in _check_not_importing_main
    raise RuntimeError('''
RuntimeError: 
        An attempt has been made to start a new process before the
        current process has finished its bootstrapping phase.

        This probably means that you are not using fork to start your
        child processes and you have forgotten to use the proper idiom
        in the main module:

            if __name__ == '__main__':
                freeze_support()
                ...

        The "freeze_support()" line can be omitted if the program
        is not going to be frozen to produce an executable.
Traceback (most recent call last):
  File "/home/htc/mnakam/mnt/Geneformer/New_Geneformer/run_insilico.py", line 81, in <module>
    isp.perturb_data(
  File "/home/htc/mnakam/miniforge3/envs/geneformer_311/lib/python3.11/site-packages/geneformer/in_silico_perturber.py", line 473, in perturb_data
    filtered_input_data = pu.load_and_filter(
                          ^^^^^^^^^^^^^^^^^^^
  File "/home/htc/mnakam/miniforge3/envs/geneformer_311/lib/python3.11/site-packages/geneformer/perturber_utils.py", line 29, in load_and_filter
    data = filter_by_dict(data, filter_data, nproc)
           ^^^^^^^^^^^^^^^^^^^^^^^^^^^^^^^^^^^^^^^^
  File "/home/htc/mnakam/miniforge3/envs/geneformer_311/lib/python3.11/site-packages/geneformer/perturber_utils.py", line 39, in filter_by_dict
    data = data.filter(filter_data_by_criteria, num_proc=nproc)
           ^^^^^^^^^^^^^^^^^^^^^^^^^^^^^^^^^^^^^^^^^^^^^^^^^^^^
  File "/home/htc/mnakam/miniforge3/envs/geneformer_311/lib/python3.11/site-packages/datasets/arrow_dataset.py", line 557, in wrapper
    out: Union["Dataset", "DatasetDict"] = func(self, *args, **kwargs)
                                           ^^^^^^^^^^^^^^^^^^^^^^^^^^^
  File "/home/htc/mnakam/miniforge3/envs/geneformer_311/lib/python3.11/site-packages/datasets/fingerprint.py", line 511, in wrapper
    out = func(dataset, *args, **kwargs)
          ^^^^^^^^^^^^^^^^^^^^^^^^^^^^^^
  File "/home/htc/mnakam/miniforge3/envs/geneformer_311/lib/python3.11/site-packages/datasets/arrow_dataset.py", line 3627, in filter
    indices = self.map(
              ^^^^^^^^^
  File "/home/htc/mnakam/miniforge3/envs/geneformer_311/lib/python3.11/site-packages/datasets/arrow_dataset.py", line 592, in wrapper
    out: Union["Dataset", "DatasetDict"] = func(self, *args, **kwargs)
                                           ^^^^^^^^^^^^^^^^^^^^^^^^^^^
  File "/home/htc/mnakam/miniforge3/envs/geneformer_311/lib/python3.11/site-packages/datasets/arrow_dataset.py", line 557, in wrapper
    out: Union["Dataset", "DatasetDict"] = func(self, *args, **kwargs)
                                           ^^^^^^^^^^^^^^^^^^^^^^^^^^^
  File "/home/htc/mnakam/miniforge3/envs/geneformer_311/lib/python3.11/site-packages/datasets/arrow_dataset.py", line 3189, in map
    for rank, done, content in iflatmap_unordered(
  File "/home/htc/mnakam/miniforge3/envs/geneformer_311/lib/python3.11/site-packages/datasets/utils/py_utils.py", line 1372, in iflatmap_unordered
    with manager_cls() as manager:
         ^^^^^^^^^^^^^
  File "/home/htc/mnakam/miniforge3/envs/geneformer_311/lib/python3.11/site-packages/multiprocess/context.py", line 57, in Manager
    m.start()
  File "/home/htc/mnakam/miniforge3/envs/geneformer_311/lib/python3.11/site-packages/multiprocess/managers.py", line 567, in start
    self._address = reader.recv()
                    ^^^^^^^^^^^^^
  File "/home/htc/mnakam/miniforge3/envs/geneformer_311/lib/python3.11/site-packages/multiprocess/connection.py", line 252, in recv
    buf = self._recv_bytes()
          ^^^^^^^^^^^^^^^^^^
  File "/home/htc/mnakam/miniforge3/envs/geneformer_311/lib/python3.11/site-packages/multiprocess/connection.py", line 416, in _recv_bytes
    buf = self._recv(4)
          ^^^^^^^^^^^^^
  File "/home/htc/mnakam/miniforge3/envs/geneformer_311/lib/python3.11/site-packages/multiprocess/connection.py", line 385, in _recv
    raise EOFError
EOFError
